TN:
SF:Frontend\QA-Kamp\vitest.config.ts
FNF:0
FNH:0
DA:1,1
DA:2,1
DA:3,1
DA:4,1
DA:5,1
DA:6,1
DA:7,1
DA:8,1
DA:9,1
DA:10,1
DA:11,1
DA:12,1
DA:13,1
DA:14,1
DA:15,1
LF:15
LH:15
BRF:0
BRH:0
end_of_record
TN:
SF:Frontend\QA-Kamp\src\api\index.tsx
FN:12,safeFetch
FN:25,loginOrganizer
FN:36,get
FN:36,extractId
FN:45,createSession
FN:71,get
FN:71,deleteSession
FN:90,get
FN:91,getSessions
FN:108,get
FN:108,parseErrorMessage
FN:116,fetchPlayersForSession
FN:141,get
FN:142,addPlayersToSession
FN:159,get
FN:160,updatePlayerInSession
FN:169,get
FN:169,deletePlayerFromSession
FN:182,get
FN:183,fetchLeaderboard
FN:207,get
FNF:21
FNH:3
FNDA:2,safeFetch
FNDA:2,loginOrganizer
FNDA:2,get
FNDA:0,extractId
FNDA:0,createSession
FNDA:0,get
FNDA:0,deleteSession
FNDA:0,get
FNDA:0,getSessions
FNDA:0,get
FNDA:0,parseErrorMessage
FNDA:0,fetchPlayersForSession
FNDA:0,get
FNDA:0,addPlayersToSession
FNDA:0,get
FNDA:0,updatePlayerInSession
FNDA:0,get
FNDA:0,deletePlayerFromSession
FNDA:0,get
FNDA:0,fetchLeaderboard
FNDA:0,get
DA:1,1
DA:2,1
DA:3,1
DA:4,1
DA:5,1
DA:6,1
DA:7,1
DA:8,1
DA:9,1
DA:10,0
DA:11,0
DA:12,1
DA:13,2
DA:14,0
DA:15,0
DA:16,0
DA:17,0
DA:18,0
DA:19,2
DA:20,1
DA:21,1
DA:22,1
DA:23,1
DA:24,1
DA:25,2
DA:26,2
DA:27,2
DA:28,2
DA:29,1
DA:30,1
DA:31,1
DA:32,1
DA:33,1
DA:34,1
DA:35,1
DA:36,1
DA:37,0
DA:38,0
DA:39,0
DA:40,0
DA:41,0
DA:42,0
DA:43,0
DA:44,0
DA:45,1
DA:46,0
DA:47,0
DA:48,0
DA:49,0
DA:50,0
DA:51,0
DA:52,0
DA:53,0
DA:54,0
DA:55,0
DA:56,0
DA:57,0
DA:58,0
DA:59,0
DA:60,0
DA:61,0
DA:62,0
DA:63,0
DA:64,0
DA:65,0
DA:66,0
DA:67,0
DA:68,0
DA:69,0
DA:70,1
DA:71,1
DA:72,0
DA:73,0
DA:74,0
DA:75,0
DA:76,0
DA:77,0
DA:78,0
DA:79,0
DA:80,0
DA:81,0
DA:82,0
DA:83,0
DA:84,0
DA:85,0
DA:86,0
DA:87,0
DA:88,0
DA:89,1
DA:90,1
DA:91,1
DA:92,0
DA:93,0
DA:94,0
DA:95,0
DA:96,0
DA:97,0
DA:98,0
DA:99,0
DA:100,0
DA:101,0
DA:102,0
DA:103,0
DA:104,0
DA:105,0
DA:106,0
DA:107,1
DA:108,1
DA:109,0
DA:110,0
DA:111,0
DA:112,0
DA:113,0
DA:114,0
DA:115,0
DA:116,0
DA:117,0
DA:118,0
DA:119,0
DA:120,0
DA:121,0
DA:122,0
DA:123,0
DA:124,0
DA:125,0
DA:126,0
DA:127,0
DA:128,0
DA:129,0
DA:130,0
DA:131,0
DA:132,0
DA:133,0
DA:134,0
DA:135,0
DA:136,0
DA:137,0
DA:138,0
DA:139,1
DA:140,1
DA:141,1
DA:142,1
DA:143,0
DA:144,0
DA:145,0
DA:146,0
DA:147,0
DA:148,0
DA:149,0
DA:150,0
DA:151,0
DA:152,0
DA:153,0
DA:154,0
DA:155,0
DA:156,1
DA:157,1
DA:158,1
DA:159,1
DA:160,1
DA:161,0
DA:162,0
DA:163,0
DA:164,0
DA:165,0
DA:166,0
DA:167,0
DA:168,1
DA:169,1
DA:170,0
DA:171,0
DA:172,0
DA:173,0
DA:174,0
DA:175,0
DA:176,0
DA:177,0
DA:178,0
DA:179,1
DA:180,1
DA:181,1
DA:182,1
DA:183,1
DA:184,0
DA:185,0
DA:186,0
DA:187,0
DA:188,0
DA:189,0
DA:190,0
DA:191,0
DA:192,0
DA:193,0
DA:194,0
DA:195,0
DA:196,0
DA:197,0
DA:198,0
DA:199,0
DA:200,0
DA:201,0
DA:202,0
DA:203,0
DA:204,1
DA:205,1
DA:206,1
DA:207,0
DA:208,0
DA:209,0
DA:210,1
DA:211,1
DA:212,1
DA:213,1
DA:214,1
DA:215,1
DA:216,1
DA:217,1
DA:218,1
DA:219,1
DA:220,1
DA:221,1
DA:222,1
DA:223,1
DA:224,1
DA:225,1
DA:226,1
DA:227,1
DA:228,1
DA:229,1
DA:230,1
DA:231,1
DA:232,1
LF:232
LH:79
BRDA:1,0,0,1
BRDA:1,1,0,1
BRDA:9,2,0,0
BRDA:12,3,0,2
BRDA:13,4,0,0
BRDA:19,5,0,1
BRDA:20,6,0,0
BRDA:20,7,0,0
BRDA:25,8,0,2
BRDA:36,9,0,2
BRF:10
BRH:6
end_of_record
TN:
SF:Frontend\QA-Kamp\src\component\Navbar.tsx
FN:21,Navbar
FN:26,handleLogout
FNF:2
FNH:1
FNDA:13,Navbar
FNDA:0,handleLogout
DA:1,5
DA:2,5
DA:3,5
DA:4,5
DA:5,5
DA:6,5
DA:7,5
DA:8,5
DA:9,5
DA:10,5
DA:11,5
DA:12,5
DA:13,5
DA:14,5
DA:15,5
DA:16,5
DA:17,5
DA:18,5
DA:19,5
DA:20,5
DA:21,13
DA:22,13
DA:23,13
DA:24,13
DA:25,13
DA:26,13
DA:27,0
DA:28,0
DA:29,13
DA:30,13
DA:31,13
DA:32,13
DA:33,13
DA:34,13
DA:35,13
DA:36,13
DA:37,13
DA:38,13
DA:39,13
DA:40,13
DA:41,13
DA:42,13
DA:43,13
DA:44,13
DA:45,13
DA:46,13
DA:47,13
DA:48,13
DA:49,13
DA:50,13
DA:51,13
DA:52,13
DA:53,13
DA:54,13
LF:54
LH:52
BRDA:1,0,0,5
BRDA:1,1,0,5
BRDA:21,2,0,13
BRF:3
BRH:3
end_of_record
TN:
SF:Frontend\QA-Kamp\src\component\LoginPages\HomePage.tsx
FN:40,HomePage
FN:46,handleSubmit
FN:72,handleChange
FNF:3
FNH:3
FNDA:21,HomePage
FNDA:6,handleSubmit
FNDA:7,handleChange
DA:1,1
DA:2,1
DA:3,1
DA:4,1
DA:5,1
DA:6,1
DA:7,1
DA:8,1
DA:9,1
DA:10,1
DA:11,1
DA:12,1
DA:13,1
DA:14,1
DA:15,1
DA:16,1
DA:17,1
DA:18,1
DA:19,1
DA:20,1
DA:21,1
DA:22,1
DA:23,1
DA:24,1
DA:25,1
DA:26,1
DA:27,1
DA:28,1
DA:29,1
DA:30,1
DA:31,1
DA:32,1
DA:33,1
DA:34,1
DA:35,1
DA:36,1
DA:37,1
DA:38,1
DA:39,1
DA:40,1
DA:41,21
DA:42,21
DA:43,21
DA:44,21
DA:45,21
DA:46,21
DA:47,2
DA:48,6
DA:49,6
DA:50,6
DA:51,6
DA:52,6
DA:53,0
DA:54,0
DA:55,6
DA:56,3
DA:57,3
DA:58,6
DA:59,1
DA:60,1
DA:61,1
DA:62,6
DA:63,2
DA:64,6
DA:65,1
DA:66,6
DA:67,6
DA:68,1
DA:69,6
DA:70,0
DA:71,6
DA:72,21
DA:73,7
DA:74,7
DA:75,7
DA:76,7
DA:77,7
DA:78,4
DA:79,1
DA:80,1
DA:81,1
DA:82,3
DA:83,3
DA:84,3
DA:85,7
DA:86,21
DA:87,21
DA:88,21
DA:89,21
DA:90,21
DA:91,21
DA:92,21
DA:93,21
DA:94,21
DA:95,21
DA:96,21
DA:97,21
DA:98,21
DA:99,21
DA:100,21
DA:101,21
DA:102,21
DA:103,21
DA:104,21
DA:105,21
DA:106,21
DA:107,21
DA:108,21
DA:109,21
DA:110,21
DA:111,21
DA:112,21
DA:113,21
DA:114,21
DA:115,21
DA:116,21
DA:117,21
DA:118,21
DA:119,21
DA:120,21
DA:121,21
DA:122,21
DA:123,21
DA:124,21
DA:125,21
DA:126,21
DA:127,21
DA:128,21
DA:129,21
DA:130,21
DA:131,21
DA:132,21
DA:133,21
DA:134,21
DA:135,21
DA:136,21
DA:137,21
DA:138,21
DA:139,21
DA:140,21
DA:141,21
DA:142,21
DA:143,21
DA:144,21
DA:145,21
DA:146,21
DA:147,21
LF:147
LH:144
BRDA:1,0,0,1
BRDA:1,1,0,1
BRDA:40,2,0,21
BRDA:46,3,0,6
BRDA:46,4,0,2
BRDA:48,5,0,4
BRDA:49,6,0,1
BRDA:50,7,0,3
BRDA:50,8,0,0
BRDA:51,9,0,3
BRDA:52,10,0,0
BRDA:55,11,0,3
BRDA:58,12,0,1
BRDA:62,13,0,2
BRDA:64,14,0,1
BRDA:66,15,0,1
BRDA:66,16,0,2
BRDA:67,17,0,1
BRDA:69,18,0,0
BRDA:71,19,0,1
BRDA:72,20,0,7
BRDA:77,21,0,3
BRDA:77,22,0,4
BRDA:78,23,0,1
BRDA:82,24,0,3
BRF:25
BRH:22
end_of_record
TN:
SF:Frontend\QA-Kamp\src\component\LoginPages\OrganizerLogin.tsx
FN:32,OrganizerLogin
FN:46,handleSubmit
FN:70,isInvalidCredentials
FNF:3
FNH:3
FNDA:32,OrganizerLogin
FNDA:7,handleSubmit
FNDA:2,isInvalidCredentials
DA:1,1
DA:2,1
DA:3,1
DA:4,1
DA:5,1
DA:6,1
DA:7,1
DA:8,1
DA:9,1
DA:10,1
DA:11,1
DA:12,1
DA:13,1
DA:14,1
DA:15,1
DA:16,1
DA:17,1
DA:18,1
DA:19,1
DA:20,1
DA:21,1
DA:22,1
DA:23,1
DA:24,1
DA:25,1
DA:26,1
DA:27,1
DA:28,1
DA:29,1
DA:30,1
DA:31,1
DA:32,32
DA:33,32
DA:34,32
DA:35,32
DA:36,32
DA:37,32
DA:38,32
DA:39,32
DA:40,32
DA:41,32
DA:42,32
DA:43,32
DA:44,32
DA:45,32
DA:46,32
DA:47,7
DA:48,7
DA:49,7
DA:50,7
DA:51,7
DA:52,6
DA:53,1
DA:54,7
DA:55,7
DA:56,7
DA:57,3
DA:58,7
DA:59,4
DA:60,7
DA:61,1
DA:62,1
DA:63,7
DA:64,0
DA:65,7
DA:66,2
DA:67,2
DA:68,2
DA:69,2
DA:70,2
DA:71,2
DA:72,2
DA:73,2
DA:74,2
DA:75,2
DA:76,1
DA:77,1
DA:78,1
DA:79,1
DA:80,1
DA:81,0
DA:82,0
DA:83,0
DA:84,1
DA:85,0
DA:86,0
DA:87,0
DA:88,0
DA:89,7
DA:90,4
DA:91,4
DA:92,4
DA:93,4
DA:94,32
DA:95,32
DA:96,32
DA:97,32
DA:98,32
DA:99,32
DA:100,32
DA:101,32
DA:102,32
DA:103,32
DA:104,32
DA:105,32
DA:106,32
DA:107,32
DA:108,32
DA:109,32
DA:110,32
DA:111,32
DA:112,32
DA:113,32
DA:114,32
DA:115,32
DA:116,32
DA:117,32
DA:118,32
DA:119,32
DA:120,32
DA:121,32
DA:122,32
DA:123,32
DA:124,32
DA:125,32
DA:126,32
DA:127,32
DA:128,32
DA:129,32
DA:130,32
DA:131,32
DA:132,32
DA:133,32
DA:134,32
DA:135,32
DA:136,32
DA:137,32
DA:138,32
DA:139,32
DA:140,32
DA:141,32
DA:142,32
DA:143,32
DA:144,32
DA:145,32
DA:146,32
DA:147,32
DA:148,32
DA:149,32
DA:150,32
DA:151,2
DA:152,2
DA:153,32
DA:154,32
DA:155,32
DA:156,32
DA:157,32
DA:158,32
DA:159,32
DA:160,32
DA:161,32
DA:162,32
DA:163,32
DA:164,32
DA:165,32
DA:166,32
DA:167,32
DA:168,32
DA:169,32
DA:170,32
LF:170
LH:162
BRDA:1,0,0,1
BRDA:1,1,0,1
BRDA:32,2,0,32
BRDA:150,3,0,2
BRDA:46,4,0,7
BRDA:48,5,0,0
BRDA:50,6,0,1
BRDA:51,7,0,6
BRDA:52,8,0,1
BRDA:54,9,0,1
BRDA:56,10,0,3
BRDA:58,11,0,4
BRDA:60,12,0,2
BRDA:60,13,0,1
BRDA:63,14,0,0
BRDA:65,15,0,2
BRDA:68,16,0,1
BRDA:68,17,0,1
BRDA:75,18,0,1
BRDA:77,19,0,0
BRDA:78,20,0,0
BRDA:80,21,0,0
BRDA:84,22,0,0
BRDA:89,23,0,3
BRDA:89,24,0,4
BRDA:70,25,0,2
BRDA:71,26,0,0
BRDA:74,27,0,1
BRF:28
BRH:21
end_of_record
TN:
SF:Frontend\QA-Kamp\src\component\OrganizerPages\DayOverview.tsx
FN:38,DayOverview
FN:66,updateScale
FN:83,handleStop
FN:124,handleDayClick
FN:238,onStorage
FN:292,onClick
FN:293,onMouseEnter
FN:293,onMouseLeave
FN:293,onFocus
FN:293,onBlur
FNF:10
FNH:5
FNDA:51,DayOverview
FNDA:18,updateScale
FNDA:1,handleStop
FNDA:6,handleDayClick
FNDA:0,onStorage
FNDA:6,onClick
FNDA:0,onMouseEnter
FNDA:0,onMouseLeave
FNDA:0,onFocus
FNDA:0,onBlur
DA:1,1
DA:2,1
DA:3,1
DA:4,1
DA:5,1
DA:6,1
DA:7,1
DA:8,1
DA:9,1
DA:10,1
DA:11,1
DA:12,1
DA:13,1
DA:14,1
DA:15,1
DA:16,1
DA:17,1
DA:18,1
DA:19,1
DA:20,1
DA:21,1
DA:22,1
DA:23,1
DA:24,1
DA:25,1
DA:26,1
DA:27,1
DA:28,1
DA:29,1
DA:30,1
DA:31,1
DA:32,1
DA:33,1
DA:34,1
DA:35,1
DA:36,1
DA:37,1
DA:38,51
DA:39,51
DA:40,51
DA:41,51
DA:42,51
DA:43,51
DA:44,51
DA:45,51
DA:46,51
DA:47,51
DA:48,51
DA:49,51
DA:50,51
DA:51,51
DA:52,51
DA:53,51
DA:54,51
DA:55,51
DA:56,51
DA:57,51
DA:58,51
DA:59,17
DA:60,17
DA:61,17
DA:62,51
DA:63,51
DA:64,51
DA:65,17
DA:66,17
DA:67,17
DA:68,17
DA:69,17
DA:70,17
DA:71,51
DA:72,51
DA:73,51
DA:74,51
DA:75,51
DA:76,51
DA:77,51
DA:78,51
DA:79,51
DA:80,51
DA:81,51
DA:82,51
DA:83,51
DA:84,1
DA:85,1
DA:86,0
DA:87,1
DA:88,0
DA:89,0
DA:90,0
DA:91,1
DA:92,1
DA:93,1
DA:94,1
DA:95,1
DA:96,1
DA:97,1
DA:98,0
DA:99,0
DA:100,1
DA:101,1
DA:102,1
DA:103,0
DA:104,0
DA:105,0
DA:106,0
DA:107,0
DA:108,0
DA:109,0
DA:110,0
DA:111,0
DA:112,0
DA:113,0
DA:114,0
DA:115,0
DA:116,0
DA:117,0
DA:118,0
DA:119,0
DA:120,0
DA:121,0
DA:122,0
DA:123,1
DA:124,51
DA:125,6
DA:126,6
DA:127,6
DA:128,51
DA:129,51
DA:130,51
DA:131,51
DA:132,51
DA:133,51
DA:134,51
DA:135,51
DA:136,51
DA:137,51
DA:138,51
DA:139,51
DA:140,51
DA:141,51
DA:142,51
DA:143,51
DA:144,51
DA:145,51
DA:146,51
DA:147,51
DA:148,51
DA:149,51
DA:150,51
DA:151,51
DA:152,51
DA:153,51
DA:154,51
DA:155,51
DA:156,51
DA:157,51
DA:158,51
DA:159,51
DA:160,51
DA:161,51
DA:162,51
DA:163,51
DA:164,51
DA:165,51
DA:166,51
DA:167,51
DA:168,51
DA:169,51
DA:170,51
DA:171,51
DA:172,51
DA:173,51
DA:174,51
DA:175,51
DA:176,51
DA:177,51
DA:178,51
DA:179,51
DA:180,51
DA:181,51
DA:182,51
DA:183,51
DA:184,51
DA:185,51
DA:186,51
DA:187,51
DA:188,51
DA:189,51
DA:190,51
DA:191,51
DA:192,51
DA:193,51
DA:194,51
DA:195,51
DA:196,51
DA:197,51
DA:198,51
DA:199,51
DA:200,51
DA:201,51
DA:202,51
DA:203,51
DA:204,51
DA:205,51
DA:206,51
DA:207,51
DA:208,51
DA:209,51
DA:210,51
DA:211,51
DA:212,51
DA:213,51
DA:214,51
DA:215,51
DA:216,51
DA:217,51
DA:218,51
DA:219,51
DA:220,51
DA:221,51
DA:222,51
DA:223,51
DA:224,51
DA:225,51
DA:226,51
DA:227,51
DA:228,51
DA:229,51
DA:230,51
DA:231,51
DA:232,17
DA:233,0
DA:234,0
DA:235,0
DA:236,0
DA:237,17
DA:238,17
DA:239,0
DA:240,0
DA:241,0
DA:242,0
DA:243,0
DA:244,0
DA:245,0
DA:246,0
DA:247,17
DA:248,51
DA:249,51
DA:250,51
DA:251,51
DA:252,51
DA:253,51
DA:254,51
DA:255,51
DA:256,51
DA:257,51
DA:258,51
DA:259,51
DA:260,51
DA:261,51
DA:262,51
DA:263,51
DA:264,51
DA:265,51
DA:266,51
DA:267,51
DA:268,51
DA:269,51
DA:270,51
DA:271,51
DA:272,51
DA:273,51
DA:274,0
DA:275,0
DA:276,51
DA:277,51
DA:278,51
DA:279,51
DA:280,51
DA:281,51
DA:282,255
DA:283,255
DA:284,255
DA:285,255
DA:286,255
DA:287,204
DA:288,255
DA:289,255
DA:290,255
DA:291,255
DA:292,255
DA:293,255
DA:294,255
DA:295,255
DA:296,0
DA:297,0
DA:298,255
DA:299,255
DA:300,255
DA:301,255
DA:302,0
DA:303,0
DA:304,255
DA:305,255
DA:306,255
DA:307,255
DA:308,255
DA:309,255
DA:310,255
DA:311,255
DA:312,255
DA:313,255
DA:314,255
DA:315,255
DA:316,255
DA:317,255
DA:318,255
DA:319,255
DA:320,255
DA:321,255
DA:322,255
DA:323,255
DA:324,255
DA:325,255
DA:326,255
DA:327,255
DA:328,255
DA:329,255
DA:330,255
DA:331,255
DA:332,255
DA:333,255
LF:333
LH:289
BRDA:1,0,0,1
BRDA:1,1,0,1
BRDA:38,2,0,51
BRDA:81,3,0,0
BRDA:273,4,0,0
BRDA:279,5,0,4
BRDA:279,6,0,47
BRDA:280,7,0,4
BRDA:280,8,0,47
BRDA:58,9,0,17
BRDA:62,10,0,0
BRDA:64,11,0,17
BRDA:66,12,0,18
BRDA:68,13,0,17
BRDA:78,14,0,28
BRDA:79,15,0,21
BRDA:81,16,0,51
BRDA:81,17,0,0
BRDA:83,18,0,1
BRDA:83,19,0,0
BRDA:87,20,0,0
BRDA:97,21,0,0
BRDA:102,22,0,0
BRDA:83,23,0,1
BRDA:85,24,0,0
BRDA:124,25,0,6
BRDA:231,26,0,17
BRDA:232,27,0,0
BRDA:238,28,0,0
BRDA:247,29,0,17
BRDA:281,30,0,255
BRDA:284,31,0,51
BRDA:284,32,0,204
BRDA:285,33,0,51
BRDA:286,34,0,204
BRDA:291,35,0,51
BRDA:291,36,0,204
BRDA:294,37,0,0
BRDA:295,38,0,0
BRDA:300,39,0,0
BRDA:301,40,0,0
BRDA:322,41,0,0
BRDA:292,42,0,6
BRF:43
BRH:27
end_of_record
TN:
SF:Frontend\QA-Kamp\src\component\OrganizerPages\ManagePlayers.tsx
FN:32,categorize
FN:42,normalizeHeader
FN:45,findValue
FN:51,ManagePlayers
FN:75,generateUniqueNumber
FN:84,loadPlayers
FN:129,toErrorMessage
FN:139,onFile
FN:242,handlePick
FN:249,handleAddClick
FN:295,submitPlayer
FN:383,startEdit
FN:386,cancelEdit
FN:391,deletePlayer
FN:413,onClick
FN:429,onClick
FN:473,onClick
FN:609,onClick
FNF:18
FNH:10
FNDA:4,categorize
FNDA:0,normalizeHeader
FNDA:0,findValue
FNDA:135,ManagePlayers
FNDA:12,generateUniqueNumber
FNDA:16,loadPlayers
FNDA:0,toErrorMessage
FNDA:0,onFile
FNDA:0,handlePick
FNDA:12,handleAddClick
FNDA:12,submitPlayer
FNDA:1,startEdit
FNDA:0,cancelEdit
FNDA:1,deletePlayer
FNDA:26,onClick
FNDA:0,onClick
FNDA:0,onClick
FNDA:1,onClick
DA:1,2
DA:2,2
DA:3,2
DA:4,2
DA:5,2
DA:6,2
DA:7,2
DA:8,2
DA:9,2
DA:10,2
DA:11,2
DA:12,2
DA:13,2
DA:14,2
DA:15,2
DA:16,2
DA:17,2
DA:18,2
DA:19,2
DA:20,2
DA:21,2
DA:22,2
DA:23,2
DA:24,2
DA:25,2
DA:26,2
DA:27,2
DA:28,2
DA:29,2
DA:30,2
DA:31,2
DA:32,2
DA:33,4
DA:34,4
DA:35,4
DA:36,4
DA:37,4
DA:38,4
DA:39,2
DA:40,2
DA:41,4
DA:42,2
DA:43,0
DA:44,0
DA:45,2
DA:46,0
DA:47,0
DA:48,0
DA:49,0
DA:50,0
DA:51,2
DA:52,135
DA:53,135
DA:54,135
DA:55,135
DA:56,135
DA:57,135
DA:58,135
DA:59,135
DA:60,135
DA:61,135
DA:62,135
DA:63,135
DA:64,135
DA:65,135
DA:66,135
DA:67,135
DA:68,135
DA:69,135
DA:70,135
DA:71,0
DA:72,135
DA:73,42
DA:74,42
DA:75,135
DA:76,12
DA:77,12
DA:78,12
DA:79,12
DA:80,12
DA:81,12
DA:82,12
DA:83,0
DA:84,135
DA:85,16
DA:86,16
DA:87,16
DA:88,16
DA:89,16
DA:90,5
DA:91,5
DA:92,5
DA:93,5
DA:94,5
DA:95,5
DA:96,5
DA:97,5
DA:98,5
DA:99,5
DA:100,5
DA:101,5
DA:102,0
DA:103,16
DA:104,16
DA:105,16
DA:106,16
DA:107,16
DA:108,16
DA:109,0
DA:110,0
DA:111,0
DA:112,16
DA:113,16
DA:114,135
DA:115,135
DA:116,22
DA:117,22
DA:118,22
DA:119,22
DA:120,22
DA:121,22
DA:122,22
DA:123,16
DA:124,16
DA:125,16
DA:126,16
DA:127,135
DA:128,135
DA:129,0
DA:130,0
DA:131,0
DA:132,0
DA:133,0
DA:134,0
DA:135,0
DA:136,0
DA:137,0
DA:138,0
DA:139,135
DA:140,0
DA:141,0
DA:142,0
DA:143,0
DA:144,0
DA:145,0
DA:146,0
DA:147,0
DA:148,0
DA:149,0
DA:150,0
DA:151,0
DA:152,0
DA:153,0
DA:154,0
DA:155,0
DA:156,0
DA:157,0
DA:158,0
DA:159,0
DA:160,0
DA:161,0
DA:162,0
DA:163,0
DA:164,0
DA:165,0
DA:166,0
DA:167,0
DA:168,0
DA:169,0
DA:170,0
DA:171,0
DA:172,0
DA:173,0
DA:174,0
DA:175,0
DA:176,0
DA:177,0
DA:178,0
DA:179,0
DA:180,0
DA:181,0
DA:182,0
DA:183,0
DA:184,0
DA:185,0
DA:186,0
DA:187,0
DA:188,0
DA:189,0
DA:190,0
DA:191,0
DA:192,0
DA:193,0
DA:194,0
DA:195,0
DA:196,0
DA:197,0
DA:198,0
DA:199,0
DA:200,0
DA:201,0
DA:202,0
DA:203,0
DA:204,0
DA:205,0
DA:206,0
DA:207,0
DA:208,0
DA:209,0
DA:210,0
DA:211,0
DA:212,0
DA:213,0
DA:214,0
DA:215,0
DA:216,0
DA:217,0
DA:218,0
DA:219,0
DA:220,0
DA:221,0
DA:222,0
DA:223,0
DA:224,0
DA:225,0
DA:226,0
DA:227,0
DA:228,0
DA:229,0
DA:230,0
DA:231,0
DA:232,0
DA:233,0
DA:234,0
DA:235,0
DA:236,0
DA:237,0
DA:238,0
DA:239,0
DA:240,0
DA:241,0
DA:242,135
DA:243,0
DA:244,0
DA:245,0
DA:246,0
DA:247,135
DA:248,135
DA:249,135
DA:250,12
DA:251,12
DA:252,0
DA:253,0
DA:254,0
DA:255,12
DA:256,12
DA:257,12
DA:258,0
DA:259,12
DA:260,12
DA:261,12
DA:262,12
DA:263,0
DA:264,0
DA:265,12
DA:266,12
DA:267,12
DA:268,11
DA:269,11
DA:270,11
DA:271,11
DA:272,11
DA:273,11
DA:274,11
DA:275,11
DA:276,11
DA:277,0
DA:278,0
DA:279,0
DA:280,0
DA:281,0
DA:282,0
DA:283,0
DA:284,11
DA:285,0
DA:286,0
DA:287,12
DA:288,12
DA:289,12
DA:290,12
DA:291,12
DA:292,0
DA:293,0
DA:294,0
DA:295,135
DA:296,12
DA:297,12
DA:298,12
DA:299,12
DA:300,12
DA:301,12
DA:302,12
DA:303,12
DA:304,12
DA:305,12
DA:306,1
DA:307,12
DA:308,12
DA:309,0
DA:310,12
DA:311,11
DA:312,11
DA:313,11
DA:314,11
DA:315,1
DA:316,12
DA:317,1
DA:318,12
DA:319,12
DA:320,12
DA:321,9
DA:322,2
DA:323,12
DA:324,7
DA:325,7
DA:326,12
DA:327,12
DA:328,12
DA:329,12
DA:330,5
DA:331,12
DA:332,1
DA:333,1
DA:334,12
DA:335,4
DA:336,4
DA:337,4
DA:338,4
DA:339,4
DA:340,12
DA:341,1
DA:342,1
DA:343,0
DA:344,12
DA:345,0
DA:346,12
DA:347,1
DA:348,0
DA:349,12
DA:350,3
DA:351,3
DA:352,0
DA:353,12
DA:354,0
DA:355,0
DA:356,12
DA:357,1
DA:358,1
DA:359,1
DA:360,12
DA:361,3
DA:362,3
DA:363,3
DA:364,3
DA:365,3
DA:366,3
DA:367,3
DA:368,3
DA:369,3
DA:370,3
DA:371,3
DA:372,12
DA:373,4
DA:374,4
DA:375,0
DA:376,0
DA:377,0
DA:378,0
DA:379,0
DA:380,135
DA:381,135
DA:382,135
DA:383,135
DA:384,1
DA:385,1
DA:386,135
DA:387,0
DA:388,0
DA:389,0
DA:390,135
DA:391,135
DA:392,1
DA:393,1
DA:394,1
DA:395,1
DA:396,1
DA:397,0
DA:398,1
DA:399,1
DA:400,1
DA:401,1
DA:402,1
DA:403,1
DA:404,1
DA:405,1
DA:406,0
DA:407,0
DA:408,0
DA:409,0
DA:410,0
DA:411,135
DA:412,135
DA:413,135
DA:414,135
DA:415,135
DA:416,135
DA:417,135
DA:418,135
DA:419,135
DA:420,135
DA:421,135
DA:422,135
DA:423,135
DA:424,135
DA:425,135
DA:426,135
DA:427,7
DA:428,7
DA:429,7
DA:430,7
DA:431,7
DA:432,7
DA:433,7
DA:434,7
DA:435,7
DA:436,7
DA:437,135
DA:438,135
DA:439,135
DA:440,135
DA:441,135
DA:442,135
DA:443,135
DA:444,135
DA:445,135
DA:446,135
DA:447,135
DA:448,135
DA:449,135
DA:450,135
DA:451,135
DA:452,135
DA:453,135
DA:454,135
DA:455,13
DA:456,135
DA:457,135
DA:458,135
DA:459,135
DA:460,135
DA:461,135
DA:462,135
DA:463,135
DA:464,135
DA:465,135
DA:466,135
DA:467,135
DA:468,135
DA:469,135
DA:470,135
DA:471,135
DA:472,135
DA:473,135
DA:474,122
DA:475,122
DA:476,122
DA:477,122
DA:478,122
DA:479,122
DA:480,122
DA:481,122
DA:482,122
DA:483,122
DA:484,122
DA:485,122
DA:486,122
DA:487,122
DA:488,122
DA:489,122
DA:490,122
DA:491,122
DA:492,122
DA:493,122
DA:494,122
DA:495,122
DA:496,122
DA:497,122
DA:498,122
DA:499,122
DA:500,122
DA:501,122
DA:502,122
DA:503,122
DA:504,122
DA:505,122
DA:506,122
DA:507,122
DA:508,122
DA:509,122
DA:510,122
DA:511,122
DA:512,122
DA:513,122
DA:514,135
DA:515,135
DA:516,135
DA:517,135
DA:518,135
DA:519,135
DA:520,135
DA:521,135
DA:522,135
DA:523,135
DA:524,135
DA:525,135
DA:526,135
DA:527,135
DA:528,135
DA:529,135
DA:530,135
DA:531,135
DA:532,135
DA:533,135
DA:534,135
DA:535,8
DA:536,8
DA:537,8
DA:538,8
DA:539,8
DA:540,8
DA:541,8
DA:542,8
DA:543,8
DA:544,135
DA:545,5
DA:546,5
DA:547,5
DA:548,5
DA:549,5
DA:550,5
DA:551,5
DA:552,5
DA:553,5
DA:554,5
DA:555,5
DA:556,5
DA:557,5
DA:558,5
DA:559,135
DA:560,43
DA:561,43
DA:562,135
DA:563,13
DA:564,13
DA:565,13
DA:566,13
DA:567,13
DA:568,13
DA:569,13
DA:570,13
DA:571,13
DA:572,13
DA:573,13
DA:574,13
DA:575,13
DA:576,13
DA:577,13
DA:578,13
DA:579,13
DA:580,13
DA:581,13
DA:582,13
DA:583,13
DA:584,13
DA:585,13
DA:586,13
DA:587,13
DA:588,13
DA:589,13
DA:590,13
DA:591,13
DA:592,13
DA:593,13
DA:594,13
DA:595,13
DA:596,13
DA:597,13
DA:598,13
DA:599,13
DA:600,13
DA:601,13
DA:602,13
DA:603,13
DA:604,13
DA:605,13
DA:606,13
DA:607,13
DA:608,13
DA:609,13
DA:610,13
DA:611,13
DA:612,13
DA:613,13
DA:614,13
DA:615,13
DA:616,13
DA:617,13
DA:618,13
DA:619,13
DA:620,13
DA:621,13
DA:622,13
DA:623,13
LF:623
LH:455
BRDA:1,0,0,2
BRDA:1,1,0,2
BRDA:32,2,0,4
BRDA:37,3,0,2
BRDA:38,4,0,2
BRDA:41,5,0,0
BRDA:41,6,0,0
BRDA:51,7,0,135
BRDA:70,8,0,0
BRDA:128,9,0,0
BRDA:426,10,0,7
BRDA:454,11,0,13
BRDA:456,12,0,122
BRDA:473,13,0,122
BRDA:534,14,0,8
BRDA:544,15,0,5
BRDA:559,16,0,43
BRDA:562,17,0,92
BRDA:562,18,0,13
BRDA:72,19,0,42
BRDA:75,20,0,12
BRDA:82,21,0,0
BRDA:84,22,0,16
BRDA:108,23,0,0
BRDA:89,24,0,5
BRDA:90,25,0,0
BRDA:91,26,0,0
BRDA:92,27,0,0
BRDA:92,28,0,0
BRDA:92,29,0,0
BRDA:92,30,0,0
BRDA:95,31,0,0
BRDA:96,32,0,0
BRDA:99,33,0,0
BRDA:101,34,0,4
BRDA:101,35,0,0
BRDA:115,36,0,22
BRDA:116,37,0,0
BRDA:122,38,0,6
BRDA:122,39,0,16
BRDA:118,40,0,22
BRDA:120,41,0,0
BRDA:123,42,0,16
BRDA:123,43,0,0
BRDA:125,44,0,16
BRDA:249,45,0,12
BRDA:250,46,0,0
BRDA:251,47,0,0
BRDA:260,48,0,0
BRDA:267,49,0,11
BRDA:274,50,0,0
BRDA:277,51,0,0
BRDA:284,52,0,0
BRDA:291,53,0,0
BRDA:260,54,0,12
BRDA:262,55,0,0
BRDA:295,56,0,12
BRDA:300,57,0,0
BRDA:305,58,0,1
BRDA:307,59,0,11
BRDA:308,60,0,0
BRDA:308,61,0,0
BRDA:310,62,0,11
BRDA:315,63,0,1
BRDA:317,64,0,1
BRDA:318,65,0,10
BRDA:319,66,0,1
BRDA:320,67,0,9
BRDA:320,68,0,0
BRDA:320,69,0,9
BRDA:322,70,0,2
BRDA:323,71,0,7
BRDA:326,72,0,1
BRDA:327,73,0,6
BRDA:328,74,0,1
BRDA:329,75,0,5
BRDA:331,76,0,4
BRDA:331,77,0,1
BRDA:334,78,0,4
BRDA:340,79,0,0
BRDA:340,80,0,1
BRDA:342,81,0,0
BRDA:344,82,0,4
BRDA:344,83,0,0
BRDA:346,84,0,4
BRDA:346,85,0,1
BRDA:347,86,0,0
BRDA:347,87,0,0
BRDA:349,88,0,3
BRDA:351,89,0,0
BRDA:353,90,0,0
BRDA:356,91,0,4
BRDA:356,92,0,1
BRDA:360,93,0,3
BRDA:372,94,0,4
BRDA:375,95,0,0
BRDA:300,96,0,12
BRDA:303,97,0,0
BRDA:337,98,0,1
BRDA:357,99,0,1
BRDA:358,100,0,1
BRDA:359,101,0,0
BRDA:363,102,0,3
BRDA:383,103,0,1
BRDA:386,104,0,0
BRDA:391,105,0,1
BRDA:393,106,0,0
BRDA:396,107,0,0
BRDA:405,108,0,0
BRDA:393,109,0,1
BRDA:394,110,0,0
BRDA:402,111,0,1
BRDA:403,112,0,1
BRDA:413,113,0,26
BRDA:539,114,0,8
BRDA:596,115,0,13
BRDA:597,116,0,0
BRDA:609,117,0,1
BRF:118
BRH:71
end_of_record
TN:
SF:Frontend\QA-Kamp\src\component\OrganizerPages\Scoreboard.tsx
FN:101,Scoreboard
FN:114,load
FNF:2
FNH:2
FNDA:13,Scoreboard
FNDA:3,load
DA:1,1
DA:2,1
DA:3,1
DA:4,1
DA:5,1
DA:6,1
DA:7,1
DA:8,1
DA:9,1
DA:10,1
DA:11,1
DA:12,1
DA:13,1
DA:14,1
DA:15,1
DA:16,1
DA:17,1
DA:18,1
DA:19,1
DA:20,1
DA:21,1
DA:22,1
DA:23,1
DA:24,1
DA:25,1
DA:26,1
DA:27,1
DA:28,1
DA:29,1
DA:30,1
DA:31,1
DA:32,1
DA:33,1
DA:34,1
DA:35,1
DA:36,1
DA:37,1
DA:38,1
DA:39,1
DA:40,1
DA:41,1
DA:42,1
DA:43,1
DA:44,1
DA:45,1
DA:46,1
DA:47,1
DA:48,1
DA:49,1
DA:50,1
DA:51,1
DA:52,1
DA:53,1
DA:54,1
DA:55,1
DA:56,1
DA:57,1
DA:58,1
DA:59,1
DA:60,1
DA:61,1
DA:62,1
DA:63,1
DA:64,1
DA:65,1
DA:66,1
DA:67,1
DA:68,1
DA:69,1
DA:70,1
DA:71,1
DA:72,1
DA:73,1
DA:74,1
DA:75,1
DA:76,1
DA:77,1
DA:78,1
DA:79,1
DA:80,1
DA:81,1
DA:82,1
DA:83,1
DA:84,1
DA:85,1
DA:86,1
DA:87,1
DA:88,1
DA:89,1
DA:90,1
DA:91,1
DA:92,1
DA:93,1
DA:94,1
DA:95,1
DA:96,1
DA:97,1
DA:98,1
DA:99,1
DA:100,1
DA:101,1
DA:102,13
DA:103,13
DA:104,13
DA:105,13
DA:106,13
DA:107,13
DA:108,13
DA:109,13
DA:110,13
DA:111,7
DA:112,7
DA:113,3
DA:114,3
DA:115,3
DA:116,3
DA:117,3
DA:118,3
DA:119,3
DA:120,3
DA:121,3
DA:122,3
DA:123,0
DA:124,0
DA:125,0
DA:126,0
DA:127,0
DA:128,0
DA:129,0
DA:130,0
DA:131,0
DA:132,0
DA:133,0
DA:134,0
DA:135,0
DA:136,0
DA:137,0
DA:138,3
DA:139,3
DA:140,0
DA:141,0
DA:142,0
DA:143,0
DA:144,0
DA:145,3
DA:146,3
DA:147,3
DA:148,3
DA:149,3
DA:150,3
DA:151,13
DA:152,13
DA:153,13
DA:154,13
DA:155,13
DA:156,13
DA:157,13
DA:158,13
DA:159,13
DA:160,13
DA:161,13
DA:162,13
DA:163,13
DA:164,13
DA:165,13
DA:166,13
DA:167,13
DA:168,13
DA:169,13
DA:170,13
DA:171,13
DA:172,13
DA:173,13
DA:174,13
DA:175,13
DA:176,13
DA:177,13
DA:178,13
DA:179,13
DA:180,13
DA:181,13
DA:182,13
DA:183,13
DA:184,13
DA:185,13
DA:186,13
DA:187,13
DA:188,13
DA:189,13
DA:190,13
DA:191,13
DA:192,13
DA:193,13
DA:194,13
DA:195,13
DA:196,13
DA:197,13
DA:198,13
LF:198
LH:178
BRDA:1,0,0,1
BRDA:1,1,0,1
BRDA:101,2,0,13
BRDA:106,3,0,5
BRDA:110,4,0,7
BRDA:111,5,0,4
BRDA:112,6,0,3
BRDA:114,7,0,3
BRDA:118,8,0,1
BRDA:118,9,0,2
BRDA:118,10,0,0
BRDA:121,11,0,2
BRDA:122,12,0,0
BRDA:138,13,0,2
BRDA:139,14,0,0
BRDA:145,15,0,2
BRDA:146,16,0,2
BRDA:120,17,0,2
BRDA:120,18,0,0
BRDA:150,19,0,3
BRF:20
BRH:16
end_of_record
TN:
SF:Frontend\QA-Kamp\src\component\OrganizerPages\StartSession.tsx
FN:40,StartSession
FNF:1
FNH:1
FNDA:20,StartSession
DA:1,1
DA:2,1
DA:3,1
DA:4,1
DA:5,1
DA:6,1
DA:7,1
DA:8,1
DA:9,1
DA:10,1
DA:11,1
DA:12,1
DA:13,1
DA:14,1
DA:15,1
DA:16,1
DA:17,1
DA:18,1
DA:19,1
DA:20,1
DA:21,1
DA:22,1
DA:23,1
DA:24,1
DA:25,1
DA:26,1
DA:27,1
DA:28,1
DA:29,1
DA:30,1
DA:31,1
DA:32,1
DA:33,1
DA:34,1
DA:35,1
DA:36,1
DA:37,1
DA:38,1
DA:39,1
DA:40,1
DA:41,20
DA:42,20
DA:43,20
DA:44,20
DA:45,20
DA:46,20
DA:47,20
DA:48,20
DA:49,20
DA:50,5
DA:51,5
DA:52,18
DA:53,13
DA:54,0
DA:55,0
DA:56,20
DA:57,20
DA:58,15
DA:59,1
DA:60,20
DA:61,20
DA:62,20
DA:63,20
DA:64,20
DA:65,20
DA:66,20
DA:67,20
DA:68,20
DA:69,20
DA:70,20
DA:71,20
DA:72,20
DA:73,20
DA:74,20
DA:75,20
DA:76,20
DA:77,20
DA:78,20
DA:79,20
DA:80,20
DA:81,20
DA:82,20
DA:83,20
DA:84,20
DA:85,20
DA:86,20
DA:87,20
DA:88,20
DA:89,20
DA:90,20
DA:91,20
DA:92,20
DA:93,20
DA:94,20
DA:95,20
DA:96,20
DA:97,20
DA:98,20
DA:99,20
DA:100,20
DA:101,20
DA:102,20
DA:103,20
DA:104,20
DA:105,20
DA:106,20
DA:107,20
DA:108,20
DA:109,20
DA:110,20
DA:111,20
LF:111
LH:109
BRDA:1,0,0,1
BRDA:1,1,0,1
BRDA:40,2,0,20
BRDA:49,3,0,18
BRDA:49,4,0,5
BRDA:52,5,0,13
BRDA:52,6,0,13
BRDA:53,7,0,0
BRDA:57,8,0,15
BRDA:57,9,0,1
BRDA:58,10,0,1
BRF:11
BRH:10
end_of_record
TN:
SF:Frontend\QA-Kamp\src\component\OrganizerPages\MinigamePages\DayDashboard.tsx
FN:346,DayDashboard
FN:380,onStorage
FN:445,normalizeKey
FN:447,openGameModal
FN:453,closeModal
FN:455,handleSelectAgeFromPopup
FN:455,startGame
FN:465,stopGame
FN:678,normalize
FN:724,onClick
FNF:10
FNH:2
FNDA:9,DayDashboard
FNDA:0,onStorage
FNDA:0,normalizeKey
FNDA:0,openGameModal
FNDA:0,closeModal
FNDA:0,handleSelectAgeFromPopup
FNDA:0,startGame
FNDA:0,stopGame
FNDA:24,normalize
FNDA:0,onClick
DA:1,1
DA:2,1
DA:3,1
DA:4,1
DA:5,1
DA:6,1
DA:7,1
DA:8,1
DA:9,1
DA:10,1
DA:11,1
DA:12,1
DA:13,1
DA:14,1
DA:15,1
DA:16,1
DA:17,1
DA:18,1
DA:19,1
DA:20,1
DA:21,1
DA:22,1
DA:23,1
DA:24,1
DA:25,1
DA:26,1
DA:27,1
DA:28,1
DA:29,1
DA:30,1
DA:31,1
DA:32,1
DA:33,1
DA:34,1
DA:35,1
DA:36,1
DA:37,1
DA:38,1
DA:39,1
DA:40,1
DA:41,1
DA:42,1
DA:43,1
DA:44,1
DA:45,1
DA:46,1
DA:47,1
DA:48,1
DA:49,1
DA:50,1
DA:51,1
DA:52,1
DA:53,1
DA:54,1
DA:55,1
DA:56,1
DA:57,1
DA:58,1
DA:59,1
DA:60,1
DA:61,1
DA:62,1
DA:63,1
DA:64,1
DA:65,1
DA:66,1
DA:67,1
DA:68,1
DA:69,1
DA:70,1
DA:71,1
DA:72,1
DA:73,1
DA:74,1
DA:75,1
DA:76,1
DA:77,1
DA:78,1
DA:79,1
DA:80,1
DA:81,1
DA:82,1
DA:83,1
DA:84,1
DA:85,1
DA:86,1
DA:87,1
DA:88,1
DA:89,1
DA:90,1
DA:91,1
DA:92,1
DA:93,1
DA:94,1
DA:95,1
DA:96,1
DA:97,1
DA:98,1
DA:99,1
DA:100,1
DA:101,1
DA:102,1
DA:103,1
DA:104,1
DA:105,1
DA:106,1
DA:107,1
DA:108,1
DA:109,1
DA:110,1
DA:111,1
DA:112,1
DA:113,1
DA:114,1
DA:115,1
DA:116,1
DA:117,1
DA:118,1
DA:119,1
DA:120,1
DA:121,1
DA:122,1
DA:123,1
DA:124,1
DA:125,1
DA:126,1
DA:127,1
DA:128,1
DA:129,1
DA:130,1
DA:131,1
DA:132,1
DA:133,1
DA:134,1
DA:135,1
DA:136,1
DA:137,1
DA:138,1
DA:139,1
DA:140,1
DA:141,1
DA:142,1
DA:143,1
DA:144,1
DA:145,1
DA:146,1
DA:147,1
DA:148,1
DA:149,1
DA:150,1
DA:151,1
DA:152,1
DA:153,1
DA:154,1
DA:155,1
DA:156,1
DA:157,1
DA:158,1
DA:159,1
DA:160,1
DA:161,1
DA:162,1
DA:163,1
DA:164,1
DA:165,1
DA:166,1
DA:167,1
DA:168,1
DA:169,1
DA:170,1
DA:171,1
DA:172,1
DA:173,1
DA:174,1
DA:175,1
DA:176,1
DA:177,1
DA:178,1
DA:179,1
DA:180,1
DA:181,1
DA:182,1
DA:183,1
DA:184,1
DA:185,1
DA:186,1
DA:187,1
DA:188,1
DA:189,1
DA:190,1
DA:191,1
DA:192,1
DA:193,1
DA:194,1
DA:195,1
DA:196,1
DA:197,1
DA:198,1
DA:199,1
DA:200,1
DA:201,1
DA:202,1
DA:203,1
DA:204,1
DA:205,1
DA:206,1
DA:207,1
DA:208,1
DA:209,1
DA:210,1
DA:211,1
DA:212,1
DA:213,1
DA:214,1
DA:215,1
DA:216,1
DA:217,1
DA:218,1
DA:219,1
DA:220,1
DA:221,1
DA:222,1
DA:223,1
DA:224,1
DA:225,1
DA:226,1
DA:227,1
DA:228,1
DA:229,1
DA:230,1
DA:231,1
DA:232,1
DA:233,1
DA:234,1
DA:235,1
DA:236,1
DA:237,1
DA:238,1
DA:239,1
DA:240,1
DA:241,1
DA:242,1
DA:243,1
DA:244,1
DA:245,1
DA:246,1
DA:247,1
DA:248,1
DA:249,1
DA:250,1
DA:251,1
DA:252,1
DA:253,1
DA:254,1
DA:255,1
DA:256,1
DA:257,1
DA:258,1
DA:259,1
DA:260,1
DA:261,1
DA:262,1
DA:263,1
DA:264,1
DA:265,1
DA:266,1
DA:267,1
DA:268,1
DA:269,1
DA:270,1
DA:271,1
DA:272,1
DA:273,1
DA:274,1
DA:275,1
DA:276,1
DA:277,1
DA:278,1
DA:279,1
DA:280,1
DA:281,1
DA:282,1
DA:283,1
DA:284,1
DA:285,1
DA:286,1
DA:287,1
DA:288,1
DA:289,1
DA:290,1
DA:291,1
DA:292,1
DA:293,1
DA:294,1
DA:295,1
DA:296,1
DA:297,1
DA:298,1
DA:299,1
DA:300,1
DA:301,1
DA:302,1
DA:303,1
DA:304,1
DA:305,1
DA:306,1
DA:307,1
DA:308,1
DA:309,1
DA:310,1
DA:311,1
DA:312,1
DA:313,1
DA:314,1
DA:315,1
DA:316,1
DA:317,1
DA:318,1
DA:319,1
DA:320,1
DA:321,1
DA:322,1
DA:323,1
DA:324,1
DA:325,1
DA:326,1
DA:327,1
DA:328,1
DA:329,1
DA:330,1
DA:331,1
DA:332,1
DA:333,1
DA:334,1
DA:335,1
DA:336,1
DA:337,1
DA:338,1
DA:339,1
DA:340,1
DA:341,1
DA:342,1
DA:343,1
DA:344,1
DA:345,1
DA:346,1
DA:347,9
DA:348,9
DA:349,9
DA:350,9
DA:351,9
DA:352,9
DA:353,9
DA:354,9
DA:355,9
DA:356,9
DA:357,0
DA:358,9
DA:359,9
DA:360,9
DA:361,9
DA:362,9
DA:363,9
DA:364,9
DA:365,9
DA:366,9
DA:367,9
DA:368,9
DA:369,9
DA:370,9
DA:371,9
DA:372,9
DA:373,9
DA:374,9
DA:375,9
DA:376,3
DA:377,0
DA:378,0
DA:379,0
DA:380,3
DA:381,0
DA:382,3
DA:383,9
DA:384,9
DA:385,9
DA:386,9
DA:387,9
DA:388,9
DA:389,9
DA:390,9
DA:391,9
DA:392,9
DA:393,9
DA:394,9
DA:395,9
DA:396,9
DA:397,9
DA:398,9
DA:399,9
DA:400,9
DA:401,9
DA:402,9
DA:403,9
DA:404,9
DA:405,9
DA:406,9
DA:407,9
DA:408,9
DA:409,9
DA:410,9
DA:411,9
DA:412,9
DA:413,9
DA:414,9
DA:415,9
DA:416,9
DA:417,9
DA:418,9
DA:419,9
DA:420,9
DA:421,9
DA:422,9
DA:423,9
DA:424,9
DA:425,9
DA:426,9
DA:427,9
DA:428,9
DA:429,9
DA:430,9
DA:431,9
DA:432,9
DA:433,9
DA:434,9
DA:435,9
DA:436,9
DA:437,9
DA:438,9
DA:439,9
DA:440,9
DA:441,9
DA:442,9
DA:443,9
DA:444,9
DA:445,0
DA:446,0
DA:447,9
DA:448,0
DA:449,0
DA:450,0
DA:451,0
DA:452,0
DA:453,9
DA:454,0
DA:455,9
DA:456,0
DA:457,0
DA:458,0
DA:459,0
DA:460,0
DA:461,0
DA:462,0
DA:463,0
DA:464,0
DA:465,9
DA:466,0
DA:467,0
DA:468,0
DA:469,0
DA:470,0
DA:471,0
DA:472,0
DA:473,0
DA:474,0
DA:475,0
DA:476,0
DA:477,9
DA:478,0
DA:479,9
DA:480,9
DA:481,9
DA:482,9
DA:483,9
DA:484,9
DA:485,9
DA:486,9
DA:487,6
DA:488,9
DA:489,3
DA:490,3
DA:491,9
DA:492,9
DA:493,0
DA:494,0
DA:495,9
DA:496,0
DA:497,9
DA:498,9
DA:499,0
DA:500,0
DA:501,0
DA:502,9
DA:503,9
DA:504,9
DA:505,9
DA:506,9
DA:507,9
DA:508,9
DA:509,9
DA:510,9
DA:511,9
DA:512,9
DA:513,9
DA:514,9
DA:515,9
DA:516,9
DA:517,9
DA:518,3
DA:519,3
DA:520,3
DA:521,3
DA:522,3
DA:523,2
DA:524,1
DA:525,3
DA:526,3
DA:527,3
DA:528,3
DA:529,3
DA:530,3
DA:531,3
DA:532,3
DA:533,3
DA:534,0
DA:535,3
DA:536,3
DA:537,3
DA:538,3
DA:539,3
DA:540,3
DA:541,3
DA:542,3
DA:543,3
DA:544,3
DA:545,3
DA:546,3
DA:547,3
DA:548,3
DA:549,3
DA:550,3
DA:551,3
DA:552,3
DA:553,3
DA:554,3
DA:555,3
DA:556,3
DA:557,3
DA:558,3
DA:559,3
DA:560,3
DA:561,3
DA:562,3
DA:563,3
DA:564,3
DA:565,3
DA:566,0
DA:567,0
DA:568,0
DA:569,0
DA:570,0
DA:571,0
DA:572,0
DA:573,3
DA:574,3
DA:575,3
DA:576,3
DA:577,3
DA:578,3
DA:579,3
DA:580,3
DA:581,9
DA:582,9
DA:583,9
DA:584,9
DA:585,9
DA:586,9
DA:587,9
DA:588,9
DA:589,9
DA:590,9
DA:591,9
DA:592,9
DA:593,9
DA:594,9
DA:595,9
DA:596,9
DA:597,9
DA:598,9
DA:599,9
DA:600,9
DA:601,9
DA:602,9
DA:603,9
DA:604,9
DA:605,9
DA:606,9
DA:607,9
DA:608,9
DA:609,9
DA:610,9
DA:611,9
DA:612,9
DA:613,9
DA:614,9
DA:615,9
DA:616,9
DA:617,9
DA:618,9
DA:619,9
DA:620,9
DA:621,9
DA:622,9
DA:623,9
DA:624,9
DA:625,9
DA:626,9
DA:627,9
DA:628,9
DA:629,9
DA:630,9
DA:631,9
DA:632,9
DA:633,9
DA:634,9
DA:635,9
DA:636,9
DA:637,9
DA:638,9
DA:639,9
DA:640,9
DA:641,9
DA:642,9
DA:643,9
DA:644,9
DA:645,9
DA:646,9
DA:647,9
DA:648,9
DA:649,9
DA:650,9
DA:651,9
DA:652,9
DA:653,9
DA:654,9
DA:655,9
DA:656,9
DA:657,0
DA:658,0
DA:659,0
DA:660,0
DA:661,9
DA:662,9
DA:663,9
DA:664,9
DA:665,9
DA:666,9
DA:667,9
DA:668,9
DA:669,9
DA:670,9
DA:671,9
DA:672,9
DA:673,9
DA:674,9
DA:675,24
DA:676,24
DA:677,24
DA:678,24
DA:679,24
DA:680,24
DA:681,24
DA:682,24
DA:683,6
DA:684,24
DA:685,6
DA:686,6
DA:687,6
DA:688,24
DA:689,24
DA:690,3
DA:691,3
DA:692,3
DA:693,24
DA:694,24
DA:695,24
DA:696,24
DA:697,3
DA:698,3
DA:699,24
DA:700,0
DA:701,24
DA:702,0
DA:703,24
DA:704,0
DA:705,0
DA:706,24
DA:707,24
DA:708,0
DA:709,0
DA:710,24
DA:711,0
DA:712,24
DA:713,24
DA:714,24
DA:715,24
DA:716,24
DA:717,24
DA:718,24
DA:719,24
DA:720,24
DA:721,24
DA:722,24
DA:723,24
DA:724,24
DA:725,24
DA:726,24
DA:727,24
DA:728,24
DA:729,24
DA:730,24
DA:731,24
DA:732,24
DA:733,24
DA:734,24
DA:735,24
DA:736,24
DA:737,24
DA:738,24
DA:739,24
DA:740,24
DA:741,24
DA:742,24
DA:743,24
DA:744,24
DA:745,0
DA:746,0
DA:747,0
DA:748,0
DA:749,0
DA:750,0
DA:751,24
DA:752,24
DA:753,24
DA:754,24
DA:755,24
DA:756,24
DA:757,24
DA:758,24
DA:759,24
DA:760,24
DA:761,24
DA:762,24
DA:763,24
DA:764,24
DA:765,24
DA:766,9
DA:767,9
DA:768,9
DA:769,9
DA:770,9
DA:771,9
DA:772,9
LF:772
LH:707
BRDA:1,0,0,1
BRDA:1,1,0,1
BRDA:346,2,0,9
BRDA:352,3,0,0
BRDA:512,4,0,0
BRDA:512,5,0,0
BRDA:516,6,0,0
BRDA:657,7,0,0
BRDA:352,8,0,9
BRDA:356,9,0,0
BRDA:375,10,0,3
BRDA:377,11,0,0
BRDA:380,12,0,0
BRDA:382,13,0,3
BRDA:477,14,0,9
BRDA:477,15,0,0
BRDA:480,16,0,0
BRDA:480,17,0,0
BRDA:483,18,0,0
BRDA:484,19,0,9
BRDA:485,20,0,0
BRDA:485,21,0,0
BRDA:485,22,0,0
BRDA:486,23,0,6
BRDA:488,24,0,3
BRDA:492,25,0,0
BRDA:495,26,0,0
BRDA:497,27,0,0
BRDA:498,28,0,0
BRDA:517,29,0,3
BRDA:517,30,0,0
BRDA:518,31,0,3
BRDA:520,32,0,0
BRDA:521,33,0,1
BRDA:522,34,0,2
BRDA:522,35,0,2
BRDA:524,36,0,1
BRDA:546,37,0,0
BRDA:549,38,0,0
BRDA:549,39,0,1
BRDA:552,40,0,2
BRDA:552,41,0,2
BRDA:552,42,0,1
BRDA:580,43,0,0
BRDA:525,44,0,3
BRDA:525,45,0,0
BRDA:528,46,0,0
BRDA:533,47,0,0
BRDA:537,48,0,0
BRDA:537,49,0,0
BRDA:539,50,0,0
BRDA:541,51,0,3
BRDA:542,52,0,0
BRDA:543,53,0,0
BRDA:544,54,0,2
BRDA:544,55,0,1
BRDA:544,56,0,0
BRDA:545,57,0,0
BRDA:553,58,0,3
BRDA:554,59,0,0
BRDA:555,60,0,0
BRDA:557,61,0,0
BRDA:558,62,0,0
BRDA:560,63,0,0
BRDA:565,64,0,0
BRDA:575,65,0,0
BRDA:575,66,0,0
BRDA:577,67,0,0
BRDA:581,68,0,3
BRDA:674,69,0,24
BRDA:676,70,0,24
BRDA:677,71,0,6
BRDA:677,72,0,18
BRDA:677,73,0,6
BRDA:677,74,0,12
BRDA:682,75,0,6
BRDA:684,76,0,6
BRDA:689,77,0,3
BRDA:694,78,0,3
BRDA:695,79,0,3
BRDA:695,80,0,3
BRDA:696,81,0,3
BRDA:699,82,0,0
BRDA:701,83,0,0
BRDA:703,84,0,0
BRDA:706,85,0,0
BRDA:706,86,0,0
BRDA:707,87,0,0
BRDA:711,88,0,0
BRDA:719,89,0,0
BRDA:719,90,0,0
BRDA:720,91,0,0
BRDA:726,92,0,0
BRDA:728,93,0,0
BRDA:744,94,0,0
BRDA:678,95,0,24
BRF:96
BRH:40
end_of_record
TN:
SF:Frontend\QA-Kamp\src\component\OrganizerPages\MinigamePages\MinigamePopup.tsx
FN:21,MinigamePopup
FN:81,handleSelectAge
FN:84,handleStart
FN:87,handleStop
FN:98,overlayClick
FN:110,onClick
FN:113,onClick
FNF:7
FNH:1
FNDA:9,MinigamePopup
FNDA:0,handleSelectAge
FNDA:0,handleStart
FNDA:0,handleStop
FNDA:0,overlayClick
FNDA:0,onClick
FNDA:0,onClick
DA:1,1
DA:2,1
DA:3,1
DA:4,1
DA:5,1
DA:6,1
DA:7,1
DA:8,1
DA:9,1
DA:10,1
DA:11,1
DA:12,1
DA:13,1
DA:14,1
DA:15,1
DA:16,1
DA:17,1
DA:18,1
DA:19,1
DA:20,1
DA:21,1
DA:22,9
DA:23,9
DA:24,9
DA:25,9
DA:26,9
DA:27,9
DA:28,9
DA:29,9
DA:30,9
DA:31,9
DA:32,9
DA:33,9
DA:34,3
DA:35,3
DA:36,3
DA:37,1
DA:38,1
DA:39,1
DA:40,1
DA:41,1
DA:42,1
DA:43,1
DA:44,1
DA:45,1
DA:46,1
DA:47,1
DA:48,1
DA:49,1
DA:50,1
DA:51,1
DA:52,1
DA:53,1
DA:54,1
DA:55,1
DA:56,9
DA:57,9
DA:58,9
DA:59,9
DA:60,3
DA:61,3
DA:62,3
DA:63,3
DA:64,3
DA:65,3
DA:66,3
DA:67,9
DA:68,9
DA:69,9
DA:70,9
DA:71,9
DA:72,9
DA:73,9
DA:74,9
DA:75,9
DA:76,0
DA:77,9
DA:78,9
DA:79,9
DA:80,9
DA:81,9
DA:82,0
DA:83,0
DA:84,9
DA:85,0
DA:86,0
DA:87,9
DA:88,0
DA:89,9
DA:90,9
DA:91,0
DA:92,0
DA:93,9
DA:94,9
DA:95,0
DA:96,0
DA:97,9
DA:98,9
DA:99,9
DA:100,9
DA:101,9
DA:102,9
DA:103,9
DA:104,9
DA:105,9
DA:106,9
DA:107,9
DA:108,9
DA:109,9
DA:110,9
DA:111,9
DA:112,9
DA:113,9
DA:114,9
DA:115,9
DA:116,9
DA:117,9
DA:118,9
DA:119,9
DA:120,0
DA:121,0
DA:122,0
DA:123,0
DA:124,9
DA:125,9
DA:126,9
DA:127,9
DA:128,9
DA:129,9
DA:130,9
DA:131,9
DA:132,9
DA:133,9
DA:134,9
DA:135,0
DA:136,0
DA:137,0
DA:138,0
DA:139,0
DA:140,0
DA:141,0
DA:142,0
DA:143,0
DA:144,0
DA:145,0
DA:146,0
DA:147,0
DA:148,0
DA:149,0
DA:150,0
DA:151,0
DA:152,0
DA:153,0
LF:153
LH:120
BRDA:1,0,0,1
BRDA:1,1,0,1
BRDA:21,2,0,9
BRDA:71,3,0,0
BRDA:90,4,0,0
BRDA:93,5,0,0
BRDA:94,6,0,0
BRDA:97,7,0,0
BRDA:114,8,0,0
BRDA:114,9,0,0
BRDA:119,10,0,0
BRDA:134,11,0,0
BRDA:134,12,0,0
BRDA:33,13,0,3
BRDA:34,14,0,0
BRDA:35,15,0,2
BRDA:36,16,0,1
BRDA:59,17,0,3
BRDA:59,18,0,0
BRDA:61,19,0,0
BRDA:62,20,0,0
BRDA:65,21,0,3
BRDA:74,22,0,9
BRDA:74,23,0,0
BRDA:75,24,0,0
BRDA:75,25,0,0
BRDA:79,26,0,3
BRF:27
BRH:10
end_of_record
TN:
SF:Frontend\QA-Kamp\src\context\AuthContext.tsx
FN:21,AuthProvider
FN:39,login
FN:42,logout
FNF:3
FNH:3
FNDA:71,AuthProvider
FNDA:2,login
FNDA:1,logout
DA:1,8
DA:2,8
DA:3,8
DA:4,8
DA:5,8
DA:6,8
DA:7,8
DA:8,8
DA:9,8
DA:10,8
DA:11,8
DA:12,8
DA:13,8
DA:14,8
DA:15,8
DA:16,8
DA:17,8
DA:18,8
DA:19,8
DA:20,8
DA:21,8
DA:22,71
DA:23,71
DA:24,68
DA:25,68
DA:26,68
DA:27,68
DA:28,68
DA:29,68
DA:30,68
DA:31,0
DA:32,71
DA:33,71
DA:34,71
DA:35,71
DA:36,21
DA:37,68
DA:38,50
DA:39,71
DA:40,71
DA:41,71
DA:42,71
DA:43,71
DA:44,71
DA:45,71
DA:46,71
DA:47,71
LF:47
LH:46
BRDA:1,0,0,8
BRDA:1,1,0,8
BRDA:21,2,0,71
BRDA:23,3,0,68
BRDA:30,4,0,19
BRDA:30,5,0,49
BRDA:30,6,0,0
BRDA:33,7,0,71
BRDA:36,8,0,68
BRDA:36,9,0,21
BRDA:37,10,0,50
BRDA:39,11,0,2
BRDA:42,12,0,1
BRF:13
BRH:12
end_of_record
TN:
SF:Frontend\QA-Kamp\src\context\SessionContext.tsx
FN:25,SessionProvider
FN:37,load
FN:54,refreshSessions
FN:72,setCurrentSessionId
FN:98,get
FN:101,useSession
FNF:6
FNH:6
FNDA:104,SessionProvider
FNDA:54,load
FNDA:13,refreshSessions
FNDA:5,setCurrentSessionId
FNDA:54,get
FNDA:228,useSession
DA:1,5
DA:2,5
DA:3,5
DA:4,5
DA:5,5
DA:6,5
DA:7,5
DA:8,5
DA:9,5
DA:10,5
DA:11,5
DA:12,5
DA:13,5
DA:14,5
DA:15,5
DA:16,5
DA:17,5
DA:18,5
DA:19,5
DA:20,5
DA:21,5
DA:22,5
DA:23,5
DA:24,5
DA:25,5
DA:26,104
DA:27,104
DA:28,104
DA:29,104
DA:30,104
DA:31,104
DA:32,104
DA:33,104
DA:34,54
DA:35,54
DA:36,54
DA:37,54
DA:38,37
DA:39,37
DA:40,54
DA:41,27
DA:42,14
DA:43,10
DA:44,54
DA:45,54
DA:46,54
DA:47,54
DA:48,7
DA:49,7
DA:50,7
DA:51,54
DA:52,54
DA:53,54
DA:54,104
DA:55,13
DA:56,13
DA:57,13
DA:58,13
DA:59,13
DA:60,13
DA:61,0
DA:62,13
DA:63,11
DA:64,11
DA:65,0
DA:66,0
DA:67,0
DA:68,0
DA:69,13
DA:70,0
DA:71,13
DA:72,104
DA:73,1
DA:74,1
DA:75,1
DA:76,1
DA:77,5
DA:78,5
DA:79,5
DA:80,5
DA:81,0
DA:82,0
DA:83,104
DA:84,104
DA:85,104
DA:86,104
DA:87,104
DA:88,104
DA:89,104
DA:90,104
DA:91,104
DA:92,104
DA:93,104
DA:94,104
DA:95,5
DA:96,5
DA:97,5
DA:98,5
DA:99,54
DA:100,5
DA:101,228
LF:101
LH:93
BRDA:1,0,0,5
BRDA:1,1,0,5
BRDA:25,2,0,104
BRDA:34,3,0,54
BRDA:37,4,0,54
BRDA:37,5,0,37
BRDA:40,6,0,31
BRDA:40,7,0,27
BRDA:40,8,0,17
BRDA:41,9,0,10
BRDA:42,10,0,14
BRDA:42,11,0,0
BRDA:42,12,0,10
BRDA:44,13,0,0
BRDA:44,14,0,6
BRDA:47,15,0,7
BRDA:52,16,0,54
BRDA:54,17,0,13
BRDA:56,18,0,0
BRDA:58,19,0,0
BRDA:58,20,0,11
BRDA:60,21,0,2
BRDA:60,22,0,2
BRDA:60,23,0,0
BRDA:62,24,0,11
BRDA:64,25,0,0
BRDA:69,26,0,0
BRDA:72,27,0,5
BRDA:72,28,0,1
BRDA:75,29,0,0
BRDA:77,30,0,4
BRDA:80,31,0,0
BRDA:98,32,0,54
BRDA:101,33,0,228
BRF:34
BRH:25
end_of_record
TN:
SF:Frontend\QA-Kamp\src\test\renderWithProviders.tsx
FNF:0
FNH:0
DA:1,1
DA:2,1
DA:3,1
DA:4,1
DA:5,1
DA:6,1
DA:7,1
DA:8,1
DA:9,1
DA:10,1
DA:11,1
DA:12,1
DA:13,1
DA:14,1
DA:15,1
DA:16,1
DA:17,1
DA:18,1
DA:19,1
LF:19
LH:19
BRDA:1,0,0,1
BRDA:1,1,0,1
BRF:2
BRH:2
end_of_record
